<?xml version="1.0" encoding="UTF-8"?>
<!-- Generated by org.testng.reporters.JUnitReportReporter -->
<testsuite skipped="0" hostname="Aparnas-MacBook-Pro-3.local" name="gmailLoginTestPackage.LoginTest" tests="1" failures="0" timestamp="29 Apr 2019 03:20:59 GMT" time="0.005" errors="0">
  <testcase name="logInTest" time="0.005" classname="gmailLoginTestPackage.LoginTest"/>
</testsuite> <!-- gmailLoginTestPackage.LoginTest -->
