<?xml version="1.0" encoding="UTF-8"?>
<!-- Generated by org.testng.reporters.JUnitReportReporter -->
<testsuite skipped="0" hostname="aparnas-mbp-3.in.ibm.com" name="gmailLoginTestPackage.LoginTest" tests="1" failures="0" timestamp="29 Apr 2019 08:48:08 GMT" time="0.000" errors="0">
  <testcase name="logInTest" time="0.000" classname="gmailLoginTestPackage.LoginTest"/>
</testsuite> <!-- gmailLoginTestPackage.LoginTest -->
